\BOOKMARK [0][-]{section*.1}{\315ndex}{}% 1
\BOOKMARK [-1][-]{part.1}{Fonaments de les matem\340tiques}{}% 2
\BOOKMARK [0][-]{chapter.1}{L\362gica matem\340tica}{part.1}% 3
\BOOKMARK [1][-]{section.1.1}{Els fonaments}{chapter.1}% 4
\BOOKMARK [2][-]{subsection.1.1.1}{Processos fonamentals de les matem\340tiques}{section.1.1}% 5
\BOOKMARK [2][-]{subsection.1.1.2}{Operacions l\362giques elementals}{section.1.1}% 6
\BOOKMARK [2][-]{subsection.1.1.3}{Relacions vertaderes}{section.1.1}% 7
\BOOKMARK [2][-]{subsection.1.1.4}{Tautologies}{section.1.1}% 8
\BOOKMARK [0][-]{chapter.2}{Teoria de conjunts}{part.1}% 9
\BOOKMARK [1][-]{section.2.1}{Conjunts}{chapter.2}% 10
\BOOKMARK [2][-]{subsection.2.1.1}{Elements i subconjunts}{section.2.1}% 11
\BOOKMARK [2][-]{subsection.2.1.2}{Uni\363 i intersecci\363 de conjunts}{section.2.1}% 12
\BOOKMARK [1][-]{section.2.2}{Aplicacions entre conjunts}{chapter.2}% 13
\BOOKMARK [2][-]{subsection.2.2.1}{Aplicacions}{section.2.2}% 14
\BOOKMARK [2][-]{subsection.2.2.2}{Tipus d'aplicacions}{section.2.2}% 15
\BOOKMARK [2][-]{subsection.2.2.3}{Conjugaci\363 d'aplicacions}{section.2.2}% 16
\BOOKMARK [2][-]{subsection.2.2.4}{Aplicacions invertibles}{section.2.2}% 17
\BOOKMARK [1][-]{section.2.3}{Relacions d'equival\350ncia}{chapter.2}% 18
\BOOKMARK [2][-]{subsection.2.3.1}{Relacions d'equival\350ncia}{section.2.3}% 19
\BOOKMARK [2][-]{subsection.2.3.2}{Classes d'equival\350ncia}{section.2.3}% 20
\BOOKMARK [2][-]{subsection.2.3.3}{Conjunt quocient}{section.2.3}% 21
\BOOKMARK [0][-]{chapter.3}{Conjunts amb operacions i els nombres}{part.1}% 22
\BOOKMARK [1][-]{section.3.1}{Els nombres naturals}{chapter.3}% 23
\BOOKMARK [2][-]{subsection.3.1.1}{Axiomes de Peano}{section.3.1}% 24
\BOOKMARK [2][-]{subsection.3.1.2}{Operacions sobre els nombres naturals}{section.3.1}% 25
\BOOKMARK [1][-]{section.3.2}{Els nombres enters}{chapter.3}% 26
\BOOKMARK [2][-]{subsection.3.2.1}{Construcci\363 dels nombres enters}{section.3.2}% 27
\BOOKMARK [2][-]{subsection.3.2.2}{Operacions sobre els nombres enters}{section.3.2}% 28
\BOOKMARK [2][-]{subsection.3.2.3}{Divisibilitat dels nombres enters}{section.3.2}% 29
\BOOKMARK [2][-]{subsection.3.2.4}{M\340xim com\372 divisor}{section.3.2}% 30
\BOOKMARK [2][-]{subsection.3.2.5}{La divisi\363 euclidiana i l'identitat de B\351zout}{section.3.2}% 31
\BOOKMARK [2][-]{subsection.3.2.6}{M\355nim com\372 m\372ltiple}{section.3.2}% 32
\BOOKMARK [2][-]{subsection.3.2.7}{Teorema Fonamental de l'Aritm\350tica}{section.3.2}% 33
\BOOKMARK [1][-]{section.3.3}{Els nombres modulars}{chapter.3}% 34
\BOOKMARK [2][-]{subsection.3.3.1}{Construcci\363 dels nombres modulars}{section.3.3}% 35
\BOOKMARK [2][-]{subsection.3.3.2}{Operacions sobre nombres modulars}{section.3.3}% 36
\BOOKMARK [2][-]{subsection.3.3.3}{Congru\350ncies i aritm\350tica modular}{section.3.3}% 37
\BOOKMARK [1][-]{section.3.4}{Les permutacions}{chapter.3}% 38
\BOOKMARK [2][-]{subsection.3.4.1}{El grup sim\350tric}{section.3.4}% 39
\BOOKMARK [2][-]{subsection.3.4.2}{Permutacions disjuntes}{section.3.4}% 40
\BOOKMARK [2][-]{subsection.3.4.3}{Cicles}{section.3.4}% 41
\BOOKMARK [2][-]{subsection.3.4.4}{Descomposici\363 en transposicions i signe}{section.3.4}% 42
\BOOKMARK [1][-]{section.3.5}{Els nombres racionals}{chapter.3}% 43
\BOOKMARK [2][-]{subsection.3.5.1}{Construcci\363 dels nombres racionals}{section.3.5}% 44
\BOOKMARK [2][-]{subsection.3.5.2}{Operacions entre nombres racionals}{section.3.5}% 45
\BOOKMARK [0][-]{section*.243}{Bibliografia}{part.1}% 46
\BOOKMARK [-1][-]{part.2}{Coses per fer a l'estiu}{}% 47
\BOOKMARK [0][-]{chapter.4}{Aviat}{part.2}% 48
\BOOKMARK [1][-]{section.4.1}{\300lgebra lineal}{chapter.4}% 49
\BOOKMARK [2][-]{subsection.4.1.1}{Definicions}{section.4.1}% 50
\BOOKMARK [2][-]{subsection.4.1.2}{Proposicions}{section.4.1}% 51
\BOOKMARK [2][-]{subsection.4.1.3}{Teoremes}{section.4.1}% 52
\BOOKMARK [1][-]{section.4.2}{Funcions de variable real}{chapter.4}% 53
\BOOKMARK [2][-]{subsection.4.2.1}{Definicions}{section.4.2}% 54
\BOOKMARK [2][-]{subsection.4.2.2}{Proposicions}{section.4.2}% 55
\BOOKMARK [2][-]{subsection.4.2.3}{Teoremes}{section.4.2}% 56
\BOOKMARK [1][-]{section.4.3}{Trobar lloc per tot aix\362}{chapter.4}% 57
\BOOKMARK [-1][-]{part.3}{C\340lcul en diverses variables i optimitzaci\363}{}% 58
\BOOKMARK [0][-]{chapter.5}{C\340lcul diferencial}{part.3}% 59
\BOOKMARK [1][-]{section.5.1}{Arcs i conjunts connexos}{chapter.5}% 60
\BOOKMARK [2][-]{subsection.5.1.1}{Arcs en m\372ltiples variables}{section.5.1}% 61
\BOOKMARK [2][-]{subsection.5.1.2}{Oberts connexos}{section.5.1}% 62
\BOOKMARK [1][-]{section.5.2}{Funcions diferenciables}{chapter.5}% 63
\BOOKMARK [2][-]{subsection.5.2.1}{Diferencial d'una funci\363 en m\372ltiples variables}{section.5.2}% 64
\BOOKMARK [2][-]{subsection.5.2.2}{La Matriu Jacobiana i la regla de la cadena}{section.5.2}% 65
\BOOKMARK [2][-]{subsection.5.2.3}{Gradient, punts cr\355tics i extrems relatius}{section.5.2}% 66
\BOOKMARK [2][-]{subsection.5.2.4}{Canvis de coordenades diferenciables}{section.5.2}% 67
\BOOKMARK [1][-]{section.5.3}{Teoremes de la funci\363 impl\355cita i inversa}{chapter.5}% 68
\BOOKMARK [2][-]{subsection.5.3.1}{Depend\350ncia i independ\350ncia funcional}{section.5.3}% 69
\BOOKMARK [2][-]{subsection.5.3.2}{Varietats}{section.5.3}% 70
\BOOKMARK [2][-]{subsection.5.3.3}{Teorema de la funci\363 inversa}{section.5.3}% 71
\BOOKMARK [2][-]{subsection.5.3.4}{Teorema de la funci\363 impl\355cita}{section.5.3}% 72
\BOOKMARK [1][-]{section.5.4}{Extrems relatius}{chapter.5}% 73
\BOOKMARK [2][-]{subsection.5.4.1}{El m\350tode de multiplicadors de Lagrange}{section.5.4}% 74
\BOOKMARK [2][-]{subsection.5.4.2}{Teorema del rang constant}{section.5.4}% 75
\BOOKMARK [2][-]{subsection.5.4.3}{Derivades d'ordre superior}{section.5.4}% 76
\BOOKMARK [2][-]{subsection.5.4.4}{F\363rmula de Taylor en m\372ltiples variables}{section.5.4}% 77
\BOOKMARK [2][-]{subsection.5.4.5}{Extrems lliures}{section.5.4}% 78
\BOOKMARK [0][-]{chapter.6}{C\340lcul integral}{part.3}% 79
\BOOKMARK [1][-]{section.6.1}{La integral Riemann}{chapter.6}% 80
\BOOKMARK [2][-]{subsection.6.1.1}{Funcions integrables Riemann}{section.6.1}% 81
\BOOKMARK [2][-]{subsection.6.1.2}{La integral com a l\355mit de sumes}{section.6.1}% 82
\BOOKMARK [2][-]{subsection.6.1.3}{Propietats de la integral Riemann definida}{section.6.1}% 83
\BOOKMARK [1][-]{section.6.2}{Les funcions integrables Riemann}{chapter.6}% 84
\BOOKMARK [2][-]{subsection.6.2.1}{Caracteritzaci\363 de les funcions integrables Riemann}{section.6.2}% 85
\BOOKMARK [2][-]{subsection.6.2.2}{Integraci\363 sobre conjunts generals}{section.6.2}% 86
\BOOKMARK [0][-]{chapter.7}{C\340lcul vectorial}{part.3}% 87
\BOOKMARK [0][-]{section*.254}{Bibliografia}{part.3}% 88
\BOOKMARK [-1][-]{part.4}{Estructures algebraiques}{}% 89
\BOOKMARK [0][-]{chapter.8}{Teoria de grups}{part.4}% 90
\BOOKMARK [1][-]{section.8.1}{Grups}{chapter.8}% 91
\BOOKMARK [2][-]{subsection.8.1.1}{Propietats b\340siques dels grups}{section.8.1}% 92
\BOOKMARK [2][-]{subsection.8.1.2}{Subgrups i subgrups normals}{section.8.1}% 93
\BOOKMARK [2][-]{subsection.8.1.3}{Grups c\355clics i grups abelians}{section.8.1}% 94
\BOOKMARK [2][-]{subsection.8.1.4}{Grup quocient}{section.8.1}% 95
\BOOKMARK [1][-]{section.8.2}{Tres Teoremes d'isomorfisme entre grups}{chapter.8}% 96
\BOOKMARK [2][-]{subsection.8.2.1}{Morfismes entre grups}{section.8.2}% 97
\BOOKMARK [2][-]{subsection.8.2.2}{Teoremes d'isomorfisme entre grups}{section.8.2}% 98
\BOOKMARK [1][-]{section.8.3}{Tres Teoremes de Sylow}{chapter.8}% 99
\BOOKMARK [2][-]{subsection.8.3.1}{Accions sobre grups}{section.8.3}% 100
\BOOKMARK [2][-]{subsection.8.3.2}{Teoremes de Sylow}{section.8.3}% 101
\BOOKMARK [0][-]{chapter.9}{Teoria d'anells}{part.4}% 102
\BOOKMARK [1][-]{section.9.1}{Anells}{chapter.9}% 103
\BOOKMARK [2][-]{subsection.9.1.1}{Propietats b\340siques dels anells i subanells}{section.9.1}% 104
\BOOKMARK [2][-]{subsection.9.1.2}{Ideals i ideals principals}{section.9.1}% 105
\BOOKMARK [2][-]{subsection.9.1.3}{Cossos i l'anell quocient}{section.9.1}% 106
\BOOKMARK [1][-]{section.9.2}{Tres Teoremes d'isomorfisme entre anells}{chapter.9}% 107
\BOOKMARK [2][-]{subsection.9.2.1}{Morfismes entre anells}{section.9.2}% 108
\BOOKMARK [2][-]{subsection.9.2.2}{Teoremes d'isomorfisme entre anells}{section.9.2}% 109
\BOOKMARK [2][-]{subsection.9.2.3}{Caracter\355stica d'un anell}{section.9.2}% 110
\BOOKMARK [1][-]{section.9.3}{Dominis}{chapter.9}% 111
\BOOKMARK [2][-]{subsection.9.3.1}{Dominis d'integritat, ideals primers i maximals}{section.9.3}% 112
\BOOKMARK [2][-]{subsection.9.3.2}{Lemma de Zorn}{section.9.3}% 113
\BOOKMARK [2][-]{subsection.9.3.3}{Divisibilitat}{section.9.3}% 114
\BOOKMARK [2][-]{subsection.9.3.4}{Dominis de factoritzaci\363 \372nica}{section.9.3}% 115
\BOOKMARK [2][-]{subsection.9.3.5}{Anells Noetherians}{section.9.3}% 116
\BOOKMARK [2][-]{subsection.9.3.6}{Dominis d'ideals principals}{section.9.3}% 117
\BOOKMARK [2][-]{subsection.9.3.7}{Dominis Euclidians}{section.9.3}% 118
\BOOKMARK [1][-]{section.9.4}{Anells de polinomis}{chapter.9}% 119
\BOOKMARK [2][-]{subsection.9.4.1}{Cos de fraccions d'un domini d'integritat}{section.9.4}% 120
\BOOKMARK [2][-]{subsection.9.4.2}{El Teorema de Gauss}{section.9.4}% 121
\BOOKMARK [2][-]{subsection.9.4.3}{Criteris d'irreductibilitat}{section.9.4}% 122
\BOOKMARK [0][-]{chapter.10}{Teoria de cossos finits}{part.4}% 123
\BOOKMARK [1][-]{section.10.1}{Cossos finits}{chapter.10}% 124
\BOOKMARK [2][-]{subsection.10.1.1}{Propietats b\340siques dels cossos finits}{section.10.1}% 125
\BOOKMARK [2][-]{subsection.10.1.2}{Arrels d'un polinomi}{section.10.1}% 126
\BOOKMARK [1][-]{section.10.2}{Caracteritzaci\363 dels cossos finits i els seus subcossos}{chapter.10}% 127
\BOOKMARK [2][-]{subsection.10.2.1}{Teoremes d'exist\350ncia i unicitat dels cossos finits}{section.10.2}% 128
\BOOKMARK [2][-]{subsection.10.2.2}{El morfisme de Frobenius}{section.10.2}% 129
\BOOKMARK [0][-]{section*.361}{Bibliografia}{part.4}% 130
\BOOKMARK [-1][-]{part.5}{M\350todes num\350rics}{}% 131
\BOOKMARK [0][-]{chapter.11}{Interpolaci\363 num\350rica}{part.5}% 132
\BOOKMARK [1][-]{section.11.1}{El problema d'interpolaci\363}{chapter.11}% 133
\BOOKMARK [2][-]{subsection.11.1.1}{Problemes d'interpolaci\363}{section.11.1}% 134
\BOOKMARK [1][-]{section.11.2}{Polinomis interpoladors de Lagrange}{chapter.11}% 135
\BOOKMARK [2][-]{subsection.11.2.1}{Interpolaci\363 de Lagrange}{section.11.2}% 136
\BOOKMARK [2][-]{subsection.11.2.2}{M\350tode de les difer\350ncies dividides de Newton}{section.11.2}% 137
\BOOKMARK [2][-]{subsection.11.2.3}{Error en la interpolaci\363 de Lagrange}{section.11.2}% 138
\BOOKMARK [2][-]{subsection.11.2.4}{Interpolaci\363 en nodes equiespaiats}{section.11.2}% 139
\BOOKMARK [1][-]{section.11.3}{Polinomis interpoladors per splines}{chapter.11}% 140
\BOOKMARK [2][-]{subsection.11.3.1}{Interpolaci\363 per splines}{section.11.3}% 141
\BOOKMARK [0][-]{section*.379}{Bibliografia}{part.5}% 142
